{"/home/yorunikakeru/Documents/artlab/project/server/src/config/constants.ts": {"path":"/home/yorunikakeru/Documents/artlab/project/server/src/config/constants.ts","statementMap":{"0":{"start":{"line":3,"column":28},"end":{"line":12,"column":2}},"1":{"start":{"line":14,"column":31},"end":{"line":19,"column":2}},"2":{"start":{"line":21,"column":29},"end":{"line":21,"column":36}},"3":{"start":{"line":22,"column":29},"end":{"line":22,"column":36}}},"fnMap":{},"branchMap":{},"s":{"0":0,"1":0,"2":0,"3":0},"f":{},"b":{}}
,"/home/yorunikakeru/Documents/artlab/project/server/src/db/pool.ts": {"path":"/home/yorunikakeru/Documents/artlab/project/server/src/db/pool.ts","statementMap":{"0":{"start":{"line":7,"column":19},"end":{"line":7,"column":49}},"1":{"start":{"line":8,"column":18},"end":{"line":8,"column":42}},"2":{"start":{"line":10,"column":17},"end":{"line":10,"column":19}},"3":{"start":{"line":12,"column":13},"end":{"line":20,"column":2}},"4":{"start":{"line":23,"column":0},"end":{"line":25,"column":3}},"5":{"start":{"line":24,"column":2},"end":{"line":24,"column":69}},"6":{"start":{"line":28,"column":0},"end":{"line":30,"column":75}},"7":{"start":{"line":29,"column":14},"end":{"line":29,"column":63}},"8":{"start":{"line":30,"column":18},"end":{"line":30,"column":73}},"9":{"start":{"line":34,"column":2},"end":{"line":47,"column":3}},"10":{"start":{"line":36,"column":19},"end":{"line":36,"column":39}},"11":{"start":{"line":37,"column":4},"end":{"line":37,"column":65}},"12":{"start":{"line":40,"column":20},"end":{"line":40,"column":59}},"13":{"start":{"line":42,"column":4},"end":{"line":42,"column":21}},"14":{"start":{"line":43,"column":4},"end":{"line":43,"column":16}},"15":{"start":{"line":45,"column":4},"end":{"line":45,"column":60}},"16":{"start":{"line":46,"column":4},"end":{"line":46,"column":14}}},"fnMap":{"0":{"name":"(anonymous_0)","decl":{"start":{"line":23,"column":17},"end":{"line":23,"column":18}},"loc":{"start":{"line":23,"column":25},"end":{"line":25,"column":1}}},"1":{"name":"(anonymous_1)","decl":{"start":{"line":29,"column":8},"end":{"line":29,"column":11}},"loc":{"start":{"line":29,"column":14},"end":{"line":29,"column":63}}},"2":{"name":"(anonymous_2)","decl":{"start":{"line":30,"column":9},"end":{"line":30,"column":10}},"loc":{"start":{"line":30,"column":18},"end":{"line":30,"column":73}}},"3":{"name":"initializeDatabase","decl":{"start":{"line":33,"column":22},"end":{"line":33,"column":40}},"loc":{"start":{"line":33,"column":40},"end":{"line":48,"column":1}}}},"branchMap":{},"s":{"0":0,"1":0,"2":0,"3":0,"4":0,"5":0,"6":0,"7":0,"8":0,"9":0,"10":0,"11":0,"12":0,"13":0,"14":0,"15":0,"16":0},"f":{"0":0,"1":0,"2":0,"3":0},"b":{}}
,"/home/yorunikakeru/Documents/artlab/project/server/src/db/queries.ts": {"path":"/home/yorunikakeru/Documents/artlab/project/server/src/db/queries.ts","statementMap":{"0":{"start":{"line":13,"column":15},"end":{"line":13,"column":23}},"1":{"start":{"line":14,"column":16},"end":{"line":18,"column":4}},"2":{"start":{"line":20,"column":17},"end":{"line":22,"column":4}},"3":{"start":{"line":24,"column":2},"end":{"line":24,"column":45}},"4":{"start":{"line":28,"column":16},"end":{"line":28,"column":53}},"5":{"start":{"line":29,"column":17},"end":{"line":29,"column":46}},"6":{"start":{"line":31,"column":2},"end":{"line":31,"column":73}},"7":{"start":{"line":35,"column":16},"end":{"line":35,"column":55}},"8":{"start":{"line":36,"column":17},"end":{"line":36,"column":48}},"9":{"start":{"line":38,"column":2},"end":{"line":38,"column":73}},"10":{"start":{"line":46,"column":14},"end":{"line":46,"column":46}},"11":{"start":{"line":47,"column":24},"end":{"line":47,"column":32}},"12":{"start":{"line":49,"column":2},"end":{"line":51,"column":3}},"13":{"start":{"line":50,"column":4},"end":{"line":50,"column":43}},"14":{"start":{"line":53,"column":2},"end":{"line":56,"column":3}},"15":{"start":{"line":54,"column":4},"end":{"line":54,"column":30}},"16":{"start":{"line":55,"column":4},"end":{"line":55,"column":25}},"17":{"start":{"line":58,"column":2},"end":{"line":58,"column":49}},"18":{"start":{"line":59,"column":2},"end":{"line":59,"column":18}},"19":{"start":{"line":61,"column":17},"end":{"line":61,"column":48}},"20":{"start":{"line":62,"column":2},"end":{"line":64,"column":3}},"21":{"start":{"line":63,"column":4},"end":{"line":63,"column":17}},"22":{"start":{"line":65,"column":2},"end":{"line":65,"column":29}},"23":{"start":{"line":69,"column":16},"end":{"line":69,"column":67}},"24":{"start":{"line":70,"column":17},"end":{"line":70,"column":40}},"25":{"start":{"line":72,"column":2},"end":{"line":72,"column":46}},"26":{"start":{"line":76,"column":16},"end":{"line":76,"column":53}},"27":{"start":{"line":77,"column":17},"end":{"line":77,"column":46}},"28":{"start":{"line":79,"column":2},"end":{"line":79,"column":32}},"29":{"start":{"line":89,"column":16},"end":{"line":97,"column":4}},"30":{"start":{"line":99,"column":17},"end":{"line":99,"column":40}},"31":{"start":{"line":101,"column":2},"end":{"line":107,"column":4}},"32":{"start":{"line":111,"column":2},"end":{"line":121,"column":4}}},"fnMap":{"0":{"name":"createTicket","decl":{"start":{"line":5,"column":22},"end":{"line":5,"column":34}},"loc":{"start":{"line":11,"column":20},"end":{"line":25,"column":1}}},"1":{"name":"getTicketById","decl":{"start":{"line":27,"column":22},"end":{"line":27,"column":35}},"loc":{"start":{"line":27,"column":46},"end":{"line":32,"column":1}}},"2":{"name":"getTicketByUuid","decl":{"start":{"line":34,"column":22},"end":{"line":34,"column":37}},"loc":{"start":{"line":34,"column":50},"end":{"line":39,"column":1}}},"3":{"name":"updateTicketStatus","decl":{"start":{"line":41,"column":22},"end":{"line":41,"column":40}},"loc":{"start":{"line":44,"column":18},"end":{"line":66,"column":1}}},"4":{"name":"getAllTickets","decl":{"start":{"line":68,"column":22},"end":{"line":68,"column":35}},"loc":{"start":{"line":68,"column":35},"end":{"line":73,"column":1}}},"5":{"name":"checkTicketIdExists","decl":{"start":{"line":75,"column":22},"end":{"line":75,"column":41}},"loc":{"start":{"line":75,"column":52},"end":{"line":80,"column":1}}},"6":{"name":"getTicketStats","decl":{"start":{"line":82,"column":22},"end":{"line":82,"column":36}},"loc":{"start":{"line":82,"column":36},"end":{"line":108,"column":1}}},"7":{"name":"mapDbTicketToTicket","decl":{"start":{"line":110,"column":9},"end":{"line":110,"column":28}},"loc":{"start":{"line":110,"column":42},"end":{"line":122,"column":1}}}},"branchMap":{"0":{"loc":{"start":{"line":8,"column":2},"end":{"line":8,"column":44}},"type":"default-arg","locations":[{"start":{"line":8,"column":25},"end":{"line":8,"column":44}}]},"1":{"loc":{"start":{"line":9,"column":2},"end":{"line":9,"column":22}},"type":"default-arg","locations":[{"start":{"line":9,"column":20},"end":{"line":9,"column":22}}]},"2":{"loc":{"start":{"line":10,"column":2},"end":{"line":10,"column":20}},"type":"default-arg","locations":[{"start":{"line":10,"column":18},"end":{"line":10,"column":20}}]},"3":{"loc":{"start":{"line":11,"column":2},"end":{"line":11,"column":20}},"type":"default-arg","locations":[{"start":{"line":11,"column":18},"end":{"line":11,"column":20}}]},"4":{"loc":{"start":{"line":31,"column":9},"end":{"line":31,"column":72}},"type":"cond-expr","locations":[{"start":{"line":31,"column":30},"end":{"line":31,"column":65}},{"start":{"line":31,"column":68},"end":{"line":31,"column":72}}]},"5":{"loc":{"start":{"line":38,"column":9},"end":{"line":38,"column":72}},"type":"cond-expr","locations":[{"start":{"line":38,"column":30},"end":{"line":38,"column":65}},{"start":{"line":38,"column":68},"end":{"line":38,"column":72}}]},"6":{"loc":{"start":{"line":49,"column":2},"end":{"line":51,"column":3}},"type":"if","locations":[{"start":{"line":49,"column":2},"end":{"line":51,"column":3}}]},"7":{"loc":{"start":{"line":53,"column":2},"end":{"line":56,"column":3}},"type":"if","locations":[{"start":{"line":53,"column":2},"end":{"line":56,"column":3}}]},"8":{"loc":{"start":{"line":62,"column":2},"end":{"line":64,"column":3}},"type":"if","locations":[{"start":{"line":62,"column":2},"end":{"line":64,"column":3}}]},"9":{"loc":{"start":{"line":102,"column":11},"end":{"line":102,"column":46}},"type":"binary-expr","locations":[{"start":{"line":102,"column":11},"end":{"line":102,"column":41}},{"start":{"line":102,"column":45},"end":{"line":102,"column":46}}]},"10":{"loc":{"start":{"line":103,"column":10},"end":{"line":103,"column":44}},"type":"binary-expr","locations":[{"start":{"line":103,"column":10},"end":{"line":103,"column":39}},{"start":{"line":103,"column":43},"end":{"line":103,"column":44}}]},"11":{"loc":{"start":{"line":104,"column":12},"end":{"line":104,"column":48}},"type":"binary-expr","locations":[{"start":{"line":104,"column":12},"end":{"line":104,"column":43}},{"start":{"line":104,"column":47},"end":{"line":104,"column":48}}]},"12":{"loc":{"start":{"line":105,"column":10},"end":{"line":105,"column":44}},"type":"binary-expr","locations":[{"start":{"line":105,"column":10},"end":{"line":105,"column":39}},{"start":{"line":105,"column":43},"end":{"line":105,"column":44}}]},"13":{"loc":{"start":{"line":106,"column":14},"end":{"line":106,"column":52}},"type":"binary-expr","locations":[{"start":{"line":106,"column":14},"end":{"line":106,"column":47}},{"start":{"line":106,"column":51},"end":{"line":106,"column":52}}]},"14":{"loc":{"start":{"line":115,"column":13},"end":{"line":115,"column":35}},"type":"binary-expr","locations":[{"start":{"line":115,"column":13},"end":{"line":115,"column":29}},{"start":{"line":115,"column":33},"end":{"line":115,"column":35}}]},"15":{"loc":{"start":{"line":117,"column":11},"end":{"line":117,"column":31}},"type":"binary-expr","locations":[{"start":{"line":117,"column":11},"end":{"line":117,"column":25}},{"start":{"line":117,"column":29},"end":{"line":117,"column":31}}]},"16":{"loc":{"start":{"line":118,"column":11},"end":{"line":118,"column":31}},"type":"binary-expr","locations":[{"start":{"line":118,"column":11},"end":{"line":118,"column":25}},{"start":{"line":118,"column":29},"end":{"line":118,"column":31}}]},"17":{"loc":{"start":{"line":120,"column":23},"end":{"line":120,"column":100}},"type":"cond-expr","locations":[{"start":{"line":120,"column":52},"end":{"line":120,"column":88}},{"start":{"line":120,"column":91},"end":{"line":120,"column":100}}]}},"s":{"0":0,"1":0,"2":0,"3":0,"4":0,"5":0,"6":0,"7":0,"8":0,"9":0,"10":0,"11":0,"12":0,"13":0,"14":0,"15":0,"16":0,"17":0,"18":0,"19":0,"20":0,"21":0,"22":0,"23":0,"24":0,"25":0,"26":0,"27":0,"28":0,"29":0,"30":0,"31":0,"32":0},"f":{"0":0,"1":0,"2":0,"3":0,"4":0,"5":0,"6":0,"7":0},"b":{"0":[0],"1":[0],"2":[0],"3":[0],"4":[0,0],"5":[0,0],"6":[0],"7":[0],"8":[0],"9":[0,0],"10":[0,0],"11":[0,0],"12":[0,0],"13":[0,0],"14":[0,0],"15":[0,0],"16":[0,0],"17":[0,0]}}
,"/home/yorunikakeru/Documents/artlab/project/server/src/middlewares/auth.ts": {"path":"/home/yorunikakeru/Documents/artlab/project/server/src/middlewares/auth.ts","statementMap":{"0":{"start":{"line":13,"column":21},"end":{"line":13,"column":46}},"1":{"start":{"line":15,"column":2},"end":{"line":17,"column":3}},"2":{"start":{"line":16,"column":4},"end":{"line":16,"column":69}},"3":{"start":{"line":19,"column":16},"end":{"line":19,"column":37}},"4":{"start":{"line":21,"column":2},"end":{"line":23,"column":3}},"5":{"start":{"line":22,"column":4},"end":{"line":22,"column":75}},"6":{"start":{"line":25,"column":16},"end":{"line":25,"column":24}},"7":{"start":{"line":27,"column":2},"end":{"line":33,"column":3}},"8":{"start":{"line":28,"column":20},"end":{"line":28,"column":53}},"9":{"start":{"line":29,"column":4},"end":{"line":29,"column":55}},"10":{"start":{"line":30,"column":4},"end":{"line":30,"column":11}},"11":{"start":{"line":32,"column":4},"end":{"line":32,"column":71}},"12":{"start":{"line":37,"column":2},"end":{"line":37,"column":78}}},"fnMap":{"0":{"name":"authenticate","decl":{"start":{"line":12,"column":16},"end":{"line":12,"column":28}},"loc":{"start":{"line":12,"column":89},"end":{"line":34,"column":1}}},"1":{"name":"createToken","decl":{"start":{"line":36,"column":16},"end":{"line":36,"column":27}},"loc":{"start":{"line":36,"column":56},"end":{"line":38,"column":1}}}},"branchMap":{"0":{"loc":{"start":{"line":15,"column":2},"end":{"line":17,"column":3}},"type":"if","locations":[{"start":{"line":15,"column":2},"end":{"line":17,"column":3}}]},"1":{"loc":{"start":{"line":21,"column":2},"end":{"line":23,"column":3}},"type":"if","locations":[{"start":{"line":21,"column":2},"end":{"line":23,"column":3}}]},"2":{"loc":{"start":{"line":21,"column":6},"end":{"line":21,"column":49}},"type":"binary-expr","locations":[{"start":{"line":21,"column":6},"end":{"line":21,"column":24}},{"start":{"line":21,"column":28},"end":{"line":21,"column":49}}]}},"s":{"0":0,"1":0,"2":0,"3":0,"4":0,"5":0,"6":0,"7":0,"8":0,"9":0,"10":0,"11":0,"12":0},"f":{"0":0,"1":0},"b":{"0":[0],"1":[0],"2":[0,0]}}
,"/home/yorunikakeru/Documents/artlab/project/server/src/middlewares/errorHandler.ts": {"path":"/home/yorunikakeru/Documents/artlab/project/server/src/middlewares/errorHandler.ts","statementMap":{"0":{"start":{"line":14,"column":21},"end":{"line":14,"column":42}},"1":{"start":{"line":16,"column":2},"end":{"line":16,"column":42}},"2":{"start":{"line":17,"column":2},"end":{"line":19,"column":3}},"3":{"start":{"line":18,"column":4},"end":{"line":18,"column":29}},"4":{"start":{"line":21,"column":2},"end":{"line":26,"column":5}},"5":{"start":{"line":30,"column":2},"end":{"line":34,"column":5}}},"fnMap":{"0":{"name":"errorHandler","decl":{"start":{"line":8,"column":16},"end":{"line":8,"column":28}},"loc":{"start":{"line":12,"column":20},"end":{"line":27,"column":1}}},"1":{"name":"notFoundHandler","decl":{"start":{"line":29,"column":16},"end":{"line":29,"column":31}},"loc":{"start":{"line":29,"column":59},"end":{"line":35,"column":1}}}},"branchMap":{"0":{"loc":{"start":{"line":14,"column":21},"end":{"line":14,"column":42}},"type":"binary-expr","locations":[{"start":{"line":14,"column":21},"end":{"line":14,"column":35}},{"start":{"line":14,"column":39},"end":{"line":14,"column":42}}]},"1":{"loc":{"start":{"line":17,"column":2},"end":{"line":19,"column":3}},"type":"if","locations":[{"start":{"line":17,"column":2},"end":{"line":19,"column":3}}]},"2":{"loc":{"start":{"line":24,"column":15},"end":{"line":24,"column":39}},"type":"binary-expr","locations":[{"start":{"line":24,"column":15},"end":{"line":24,"column":26}},{"start":{"line":24,"column":30},"end":{"line":24,"column":39}}]}},"s":{"0":0,"1":0,"2":0,"3":0,"4":0,"5":0},"f":{"0":0,"1":0},"b":{"0":[0,0],"1":[0],"2":[0,0]}}
,"/home/yorunikakeru/Documents/artlab/project/server/src/routes/tickets.ts": {"path":"/home/yorunikakeru/Documents/artlab/project/server/src/routes/tickets.ts","statementMap":{"0":{"start":{"line":27,"column":15},"end":{"line":27,"column":23}},"1":{"start":{"line":30,"column":0},"end":{"line":48,"column":3}},"2":{"start":{"line":31,"column":2},"end":{"line":47,"column":3}},"3":{"start":{"line":32,"column":4},"end":{"line":34,"column":5}},"4":{"start":{"line":33,"column":6},"end":{"line":33,"column":62}},"5":{"start":{"line":36,"column":20},"end":{"line":36,"column":41}},"6":{"start":{"line":37,"column":30},"end":{"line":43,"column":50}},"7":{"start":{"line":37,"column":53},"end":{"line":43,"column":49}},"8":{"start":{"line":44,"column":2},"end":{"line":44,"column":43}},"9":{"start":{"line":46,"column":4},"end":{"line":46,"column":16}},"10":{"start":{"line":51,"column":0},"end":{"line":58,"column":3}},"11":{"start":{"line":52,"column":2},"end":{"line":57,"column":3}},"12":{"start":{"line":53,"column":18},"end":{"line":53,"column":40}},"13":{"start":{"line":54,"column":4},"end":{"line":54,"column":24}},"14":{"start":{"line":56,"column":4},"end":{"line":56,"column":16}},"15":{"start":{"line":61,"column":0},"end":{"line":79,"column":3}},"16":{"start":{"line":62,"column":2},"end":{"line":78,"column":3}},"17":{"start":{"line":63,"column":19},"end":{"line":63,"column":29}},"18":{"start":{"line":65,"column":4},"end":{"line":67,"column":5}},"19":{"start":{"line":66,"column":6},"end":{"line":66,"column":73}},"20":{"start":{"line":69,"column":19},"end":{"line":69,"column":42}},"21":{"start":{"line":71,"column":4},"end":{"line":73,"column":5}},"22":{"start":{"line":72,"column":6},"end":{"line":72,"column":65}},"23":{"start":{"line":75,"column":4},"end":{"line":75,"column":25}},"24":{"start":{"line":77,"column":4},"end":{"line":77,"column":16}},"25":{"start":{"line":82,"column":0},"end":{"line":114,"column":3}},"26":{"start":{"line":83,"column":2},"end":{"line":113,"column":3}},"27":{"start":{"line":84,"column":23},"end":{"line":84,"column":55}},"28":{"start":{"line":86,"column":4},"end":{"line":88,"column":5}},"29":{"start":{"line":87,"column":6},"end":{"line":87,"column":65}},"30":{"start":{"line":90,"column":23},"end":{"line":90,"column":51}},"31":{"start":{"line":91,"column":21},"end":{"line":91,"column":66}},"32":{"start":{"line":94,"column":19},"end":{"line":94,"column":117}},"33":{"start":{"line":96,"column":19},"end":{"line":102,"column":null}},"34":{"start":{"line":105,"column":19},"end":{"line":105,"column":49}},"35":{"start":{"line":107,"column":4},"end":{"line":110,"column":7}},"36":{"start":{"line":112,"column":4},"end":{"line":112,"column":16}},"37":{"start":{"line":117,"column":0},"end":{"line":171,"column":3}},"38":{"start":{"line":118,"column":2},"end":{"line":170,"column":3}},"39":{"start":{"line":119,"column":23},"end":{"line":119,"column":31}},"40":{"start":{"line":121,"column":4},"end":{"line":123,"column":5}},"41":{"start":{"line":122,"column":6},"end":{"line":122,"column":64}},"42":{"start":{"line":125,"column":21},"end":{"line":125,"column":40}},"43":{"start":{"line":127,"column":4},"end":{"line":129,"column":5}},"44":{"start":{"line":128,"column":6},"end":{"line":128,"column":76}},"45":{"start":{"line":131,"column":19},"end":{"line":131,"column":48}},"46":{"start":{"line":133,"column":4},"end":{"line":135,"column":5}},"47":{"start":{"line":134,"column":6},"end":{"line":134,"column":65}},"48":{"start":{"line":137,"column":4},"end":{"line":142,"column":5}},"49":{"start":{"line":138,"column":6},"end":{"line":141,"column":9}},"50":{"start":{"line":144,"column":4},"end":{"line":149,"column":5}},"51":{"start":{"line":145,"column":6},"end":{"line":148,"column":9}},"52":{"start":{"line":151,"column":4},"end":{"line":156,"column":5}},"53":{"start":{"line":152,"column":6},"end":{"line":155,"column":9}},"54":{"start":{"line":159,"column":4},"end":{"line":159,"column":59}},"55":{"start":{"line":160,"column":4},"end":{"line":160,"column":38}},"56":{"start":{"line":161,"column":4},"end":{"line":161,"column":42}},"57":{"start":{"line":163,"column":4},"end":{"line":167,"column":7}},"58":{"start":{"line":169,"column":4},"end":{"line":169,"column":16}},"59":{"start":{"line":174,"column":0},"end":{"line":203,"column":3}},"60":{"start":{"line":175,"column":2},"end":{"line":202,"column":3}},"61":{"start":{"line":176,"column":19},"end":{"line":176,"column":29}},"62":{"start":{"line":177,"column":32},"end":{"line":177,"column":40}},"63":{"start":{"line":179,"column":4},"end":{"line":181,"column":5}},"64":{"start":{"line":180,"column":6},"end":{"line":180,"column":73}},"65":{"start":{"line":183,"column":4},"end":{"line":185,"column":5}},"66":{"start":{"line":184,"column":6},"end":{"line":184,"column":69}},"67":{"start":{"line":187,"column":19},"end":{"line":187,"column":42}},"68":{"start":{"line":189,"column":4},"end":{"line":191,"column":5}},"69":{"start":{"line":190,"column":6},"end":{"line":190,"column":65}},"70":{"start":{"line":193,"column":4},"end":{"line":193,"column":50}},"71":{"start":{"line":194,"column":26},"end":{"line":194,"column":49}},"72":{"start":{"line":196,"column":4},"end":{"line":199,"column":7}},"73":{"start":{"line":201,"column":4},"end":{"line":201,"column":16}}},"fnMap":{"0":{"name":"(anonymous_0)","decl":{"start":{"line":30,"column":30},"end":{"line":30,"column":35}},"loc":{"start":{"line":30,"column":77},"end":{"line":48,"column":1}}},"1":{"name":"(anonymous_1)","decl":{"start":{"line":37,"column":42},"end":{"line":37,"column":48}},"loc":{"start":{"line":37,"column":53},"end":{"line":43,"column":49}}},"2":{"name":"(anonymous_2)","decl":{"start":{"line":51,"column":35},"end":{"line":51,"column":40}},"loc":{"start":{"line":51,"column":60},"end":{"line":58,"column":1}}},"3":{"name":"(anonymous_3)","decl":{"start":{"line":61,"column":33},"end":{"line":61,"column":38}},"loc":{"start":{"line":61,"column":58},"end":{"line":79,"column":1}}},"4":{"name":"(anonymous_4)","decl":{"start":{"line":82,"column":31},"end":{"line":82,"column":36}},"loc":{"start":{"line":82,"column":56},"end":{"line":114,"column":1}}},"5":{"name":"(anonymous_5)","decl":{"start":{"line":117,"column":37},"end":{"line":117,"column":42}},"loc":{"start":{"line":117,"column":62},"end":{"line":171,"column":1}}},"6":{"name":"(anonymous_6)","decl":{"start":{"line":174,"column":42},"end":{"line":174,"column":47}},"loc":{"start":{"line":174,"column":67},"end":{"line":203,"column":1}}}},"branchMap":{"0":{"loc":{"start":{"line":32,"column":4},"end":{"line":34,"column":5}},"type":"if","locations":[{"start":{"line":32,"column":4},"end":{"line":34,"column":5}}]},"1":{"loc":{"start":{"line":32,"column":8},"end":{"line":32,"column":70}},"type":"binary-expr","locations":[{"start":{"line":32,"column":8},"end":{"line":32,"column":34}},{"start":{"line":32,"column":38},"end":{"line":32,"column":70}}]},"2":{"loc":{"start":{"line":65,"column":4},"end":{"line":67,"column":5}},"type":"if","locations":[{"start":{"line":65,"column":4},"end":{"line":67,"column":5}}]},"3":{"loc":{"start":{"line":71,"column":4},"end":{"line":73,"column":5}},"type":"if","locations":[{"start":{"line":71,"column":4},"end":{"line":73,"column":5}}]},"4":{"loc":{"start":{"line":86,"column":4},"end":{"line":88,"column":5}},"type":"if","locations":[{"start":{"line":86,"column":4},"end":{"line":88,"column":5}}]},"5":{"loc":{"start":{"line":94,"column":19},"end":{"line":94,"column":117}},"type":"cond-expr","locations":[{"start":{"line":94,"column":57},"end":{"line":94,"column":74}},{"start":{"line":94,"column":78},"end":{"line":94,"column":116}}]},"6":{"loc":{"start":{"line":94,"column":78},"end":{"line":94,"column":116}},"type":"binary-expr","locations":[{"start":{"line":94,"column":78},"end":{"line":94,"column":95}},{"start":{"line":94,"column":99},"end":{"line":94,"column":116}}]},"7":{"loc":{"start":{"line":100,"column":6},"end":{"line":100,"column":30}},"type":"binary-expr","locations":[{"start":{"line":100,"column":6},"end":{"line":100,"column":24}},{"start":{"line":100,"column":28},"end":{"line":100,"column":30}}]},"8":{"loc":{"start":{"line":101,"column":6},"end":{"line":101,"column":28}},"type":"binary-expr","locations":[{"start":{"line":101,"column":6},"end":{"line":101,"column":22}},{"start":{"line":101,"column":26},"end":{"line":101,"column":28}}]},"9":{"loc":{"start":{"line":102,"column":6},"end":{"line":102,"column":28}},"type":"binary-expr","locations":[{"start":{"line":102,"column":6},"end":{"line":102,"column":22}},{"start":{"line":102,"column":26},"end":{"line":102,"column":28}}]},"10":{"loc":{"start":{"line":121,"column":4},"end":{"line":123,"column":5}},"type":"if","locations":[{"start":{"line":121,"column":4},"end":{"line":123,"column":5}}]},"11":{"loc":{"start":{"line":121,"column":8},"end":{"line":121,"column":45}},"type":"binary-expr","locations":[{"start":{"line":121,"column":8},"end":{"line":121,"column":15}},{"start":{"line":121,"column":19},"end":{"line":121,"column":45}}]},"12":{"loc":{"start":{"line":127,"column":4},"end":{"line":129,"column":5}},"type":"if","locations":[{"start":{"line":127,"column":4},"end":{"line":129,"column":5}}]},"13":{"loc":{"start":{"line":133,"column":4},"end":{"line":135,"column":5}},"type":"if","locations":[{"start":{"line":133,"column":4},"end":{"line":135,"column":5}}]},"14":{"loc":{"start":{"line":137,"column":4},"end":{"line":142,"column":5}},"type":"if","locations":[{"start":{"line":137,"column":4},"end":{"line":142,"column":5}}]},"15":{"loc":{"start":{"line":144,"column":4},"end":{"line":149,"column":5}},"type":"if","locations":[{"start":{"line":144,"column":4},"end":{"line":149,"column":5}}]},"16":{"loc":{"start":{"line":151,"column":4},"end":{"line":156,"column":5}},"type":"if","locations":[{"start":{"line":151,"column":4},"end":{"line":156,"column":5}}]},"17":{"loc":{"start":{"line":179,"column":4},"end":{"line":181,"column":5}},"type":"if","locations":[{"start":{"line":179,"column":4},"end":{"line":181,"column":5}}]},"18":{"loc":{"start":{"line":183,"column":4},"end":{"line":185,"column":5}},"type":"if","locations":[{"start":{"line":183,"column":4},"end":{"line":185,"column":5}}]},"19":{"loc":{"start":{"line":189,"column":4},"end":{"line":191,"column":5}},"type":"if","locations":[{"start":{"line":189,"column":4},"end":{"line":191,"column":5}}]}},"s":{"0":0,"1":0,"2":0,"3":0,"4":0,"5":0,"6":0,"7":0,"8":0,"9":0,"10":0,"11":0,"12":0,"13":0,"14":0,"15":0,"16":0,"17":0,"18":0,"19":0,"20":0,"21":0,"22":0,"23":0,"24":0,"25":0,"26":0,"27":0,"28":0,"29":0,"30":0,"31":0,"32":0,"33":0,"34":0,"35":0,"36":0,"37":0,"38":0,"39":0,"40":0,"41":0,"42":0,"43":0,"44":0,"45":0,"46":0,"47":0,"48":0,"49":0,"50":0,"51":0,"52":0,"53":0,"54":0,"55":0,"56":0,"57":0,"58":0,"59":0,"60":0,"61":0,"62":0,"63":0,"64":0,"65":0,"66":0,"67":0,"68":0,"69":0,"70":0,"71":0,"72":0,"73":0},"f":{"0":0,"1":0,"2":0,"3":0,"4":0,"5":0,"6":0},"b":{"0":[0],"1":[0,0],"2":[0],"3":[0],"4":[0],"5":[0,0],"6":[0,0],"7":[0,0],"8":[0,0],"9":[0,0],"10":[0],"11":[0,0],"12":[0],"13":[0],"14":[0],"15":[0],"16":[0],"17":[0],"18":[0],"19":[0]}}
,"/home/yorunikakeru/Documents/artlab/project/server/src/types/ticket.ts": {"path":"/home/yorunikakeru/Documents/artlab/project/server/src/types/ticket.ts","statementMap":{"0":{"start":{"line":1,"column":0},"end":{"line":1,"column":null}},"1":{"start":{"line":2,"column":2},"end":{"line":2,"column":null}},"2":{"start":{"line":3,"column":2},"end":{"line":3,"column":null}},"3":{"start":{"line":4,"column":2},"end":{"line":4,"column":null}},"4":{"start":{"line":5,"column":2},"end":{"line":5,"column":null}},"5":{"start":{"line":6,"column":2},"end":{"line":6,"column":null}},"6":{"start":{"line":7,"column":2},"end":{"line":7,"column":null}},"7":{"start":{"line":8,"column":2},"end":{"line":8,"column":null}},"8":{"start":{"line":9,"column":2},"end":{"line":9,"column":null}},"9":{"start":{"line":12,"column":0},"end":{"line":12,"column":null}},"10":{"start":{"line":13,"column":2},"end":{"line":13,"column":null}},"11":{"start":{"line":14,"column":2},"end":{"line":14,"column":null}},"12":{"start":{"line":15,"column":2},"end":{"line":15,"column":null}},"13":{"start":{"line":16,"column":2},"end":{"line":16,"column":null}}},"fnMap":{"0":{"name":"(anonymous_0)","decl":{"start":{"line":1,"column":0},"end":{"line":1,"column":6}},"loc":{"start":{"line":1,"column":22},"end":{"line":10,"column":1}}},"1":{"name":"(anonymous_1)","decl":{"start":{"line":12,"column":0},"end":{"line":12,"column":6}},"loc":{"start":{"line":12,"column":24},"end":{"line":17,"column":1}}}},"branchMap":{"0":{"loc":{"start":{"line":1,"column":12},"end":{"line":1,"column":null}},"type":"binary-expr","locations":[{"start":{"line":1,"column":12},"end":{"line":1,"column":22}},{"start":{"line":1,"column":12},"end":{"line":1,"column":null}}]},"1":{"loc":{"start":{"line":12,"column":12},"end":{"line":12,"column":null}},"type":"binary-expr","locations":[{"start":{"line":12,"column":12},"end":{"line":12,"column":24}},{"start":{"line":12,"column":12},"end":{"line":12,"column":null}}]}},"s":{"0":1,"1":1,"2":1,"3":1,"4":1,"5":1,"6":1,"7":1,"8":1,"9":1,"10":1,"11":1,"12":1,"13":1},"f":{"0":1,"1":1},"b":{"0":[1,1],"1":[1,1]}}
,"/home/yorunikakeru/Documents/artlab/project/server/src/utils/helpers.ts": {"path":"/home/yorunikakeru/Documents/artlab/project/server/src/utils/helpers.ts","statementMap":{"0":{"start":{"line":6,"column":17},"end":{"line":6,"column":31}},"1":{"start":{"line":8,"column":20},"end":{"line":8,"column":74}},"2":{"start":{"line":9,"column":21},"end":{"line":9,"column":65}},"3":{"start":{"line":10,"column":2},"end":{"line":10,"column":48}},"4":{"start":{"line":14,"column":17},"end":{"line":14,"column":18}},"5":{"start":{"line":15,"column":22},"end":{"line":15,"column":24}},"6":{"start":{"line":17,"column":2},"end":{"line":30,"column":3}},"7":{"start":{"line":18,"column":25},"end":{"line":19,"column":null}},"8":{"start":{"line":22,"column":21},"end":{"line":22,"column":55}},"9":{"start":{"line":23,"column":19},"end":{"line":23,"column":54}},"10":{"start":{"line":25,"column":4},"end":{"line":27,"column":5}},"11":{"start":{"line":26,"column":6},"end":{"line":26,"column":22}},"12":{"start":{"line":29,"column":4},"end":{"line":29,"column":15}},"13":{"start":{"line":32,"column":2},"end":{"line":32,"column":83}},"14":{"start":{"line":37,"column":16},"end":{"line":37,"column":42}},"15":{"start":{"line":38,"column":2},"end":{"line":38,"column":24}},"16":{"start":{"line":42,"column":17},"end":{"line":42,"column":29}},"17":{"start":{"line":43,"column":2},"end":{"line":53,"column":3}},"18":{"start":{"line":44,"column":14},"end":{"line":44,"column":38}},"19":{"start":{"line":45,"column":14},"end":{"line":45,"column":39}},"20":{"start":{"line":46,"column":14},"end":{"line":46,"column":42}},"21":{"start":{"line":47,"column":14},"end":{"line":47,"column":37}},"22":{"start":{"line":48,"column":14},"end":{"line":48,"column":39}},"23":{"start":{"line":49,"column":14},"end":{"line":49,"column":40}},"24":{"start":{"line":50,"column":14},"end":{"line":50,"column":37}},"25":{"start":{"line":51,"column":14},"end":{"line":51,"column":45}},"26":{"start":{"line":52,"column":13},"end":{"line":52,"column":25}},"27":{"start":{"line":57,"column":46},"end":{"line":57,"column":97}},"28":{"start":{"line":58,"column":24},"end":{"line":58,"column":75}},"29":{"start":{"line":59,"column":29},"end":{"line":59,"column":53}},"30":{"start":{"line":60,"column":48},"end":{"line":73,"column":4}},"31":{"start":{"line":74,"column":2},"end":{"line":74,"column":47}}},"fnMap":{"0":{"name":"formatTicketId","decl":{"start":{"line":5,"column":16},"end":{"line":5,"column":30}},"loc":{"start":{"line":5,"column":63},"end":{"line":11,"column":1}}},"1":{"name":"generateUniqueTicketId","decl":{"start":{"line":13,"column":22},"end":{"line":13,"column":44}},"loc":{"start":{"line":13,"column":61},"end":{"line":33,"column":1}}},"2":{"name":"validateTicketId","decl":{"start":{"line":35,"column":16},"end":{"line":35,"column":32}},"loc":{"start":{"line":35,"column":43},"end":{"line":39,"column":1}}},"3":{"name":"parseTicketTypeFromId","decl":{"start":{"line":41,"column":16},"end":{"line":41,"column":37}},"loc":{"start":{"line":41,"column":48},"end":{"line":54,"column":1}}},"4":{"name":"formatDate","decl":{"start":{"line":56,"column":24},"end":{"line":56,"column":34}},"loc":{"start":{"line":56,"column":54},"end":{"line":75,"column":1}}}},"branchMap":{"0":{"loc":{"start":{"line":25,"column":4},"end":{"line":27,"column":5}},"type":"if","locations":[{"start":{"line":25,"column":4},"end":{"line":27,"column":5}}]},"1":{"loc":{"start":{"line":43,"column":2},"end":{"line":53,"column":3}},"type":"switch","locations":[{"start":{"line":44,"column":4},"end":{"line":44,"column":38}},{"start":{"line":45,"column":4},"end":{"line":45,"column":39}},{"start":{"line":46,"column":4},"end":{"line":46,"column":42}},{"start":{"line":47,"column":4},"end":{"line":47,"column":37}},{"start":{"line":48,"column":4},"end":{"line":48,"column":39}},{"start":{"line":49,"column":4},"end":{"line":49,"column":40}},{"start":{"line":50,"column":4},"end":{"line":50,"column":37}},{"start":{"line":51,"column":4},"end":{"line":51,"column":45}},{"start":{"line":52,"column":4},"end":{"line":52,"column":25}}]}},"s":{"0":0,"1":0,"2":0,"3":0,"4":0,"5":0,"6":0,"7":0,"8":0,"9":0,"10":0,"11":0,"12":0,"13":0,"14":0,"15":0,"16":0,"17":0,"18":0,"19":0,"20":0,"21":0,"22":0,"23":0,"24":0,"25":0,"26":0,"27":0,"28":0,"29":0,"30":0,"31":0},"f":{"0":0,"1":0,"2":0,"3":0,"4":0},"b":{"0":[0],"1":[0,0,0,0,0,0,0,0,0]}}
,"/home/yorunikakeru/Documents/artlab/project/server/src/utils/qr.ts": {"path":"/home/yorunikakeru/Documents/artlab/project/server/src/utils/qr.ts","statementMap":{"0":{"start":{"line":7,"column":20},"end":{"line":7,"column":30}},"1":{"start":{"line":8,"column":15},"end":{"line":8,"column":41}},"2":{"start":{"line":11,"column":15},"end":{"line":11,"column":57}},"3":{"start":{"line":12,"column":2},"end":{"line":12,"column":20}},"4":{"start":{"line":13,"column":20},"end":{"line":13,"column":38}},"5":{"start":{"line":16,"column":2},"end":{"line":16,"column":32}},"6":{"start":{"line":22,"column":16},"end":{"line":22,"column":32}},"7":{"start":{"line":24,"column":2},"end":{"line":26,"column":3}},"8":{"start":{"line":25,"column":4},"end":{"line":25,"column":16}},"9":{"start":{"line":28,"column":51},"end":{"line":28,"column":56}},"10":{"start":{"line":29,"column":15},"end":{"line":29,"column":41}},"11":{"start":{"line":32,"column":15},"end":{"line":32,"column":57}},"12":{"start":{"line":33,"column":2},"end":{"line":33,"column":20}},"13":{"start":{"line":34,"column":28},"end":{"line":34,"column":46}},"14":{"start":{"line":37,"column":2},"end":{"line":39,"column":3}},"15":{"start":{"line":38,"column":4},"end":{"line":38,"column":16}},"16":{"start":{"line":41,"column":2},"end":{"line":41,"column":18}},"17":{"start":{"line":46,"column":16},"end":{"line":46,"column":43}},"18":{"start":{"line":48,"column":2},"end":{"line":58,"column":3}},"19":{"start":{"line":50,"column":4},"end":{"line":54,"column":7}},"20":{"start":{"line":56,"column":4},"end":{"line":56,"column":58}},"21":{"start":{"line":57,"column":4},"end":{"line":57,"column":55}},"22":{"start":{"line":63,"column":2},"end":{"line":63,"column":35}}},"fnMap":{"0":{"name":"createTicketToken","decl":{"start":{"line":6,"column":16},"end":{"line":6,"column":33}},"loc":{"start":{"line":6,"column":50},"end":{"line":17,"column":1}}},"1":{"name":"verifyTicketToken","decl":{"start":{"line":20,"column":16},"end":{"line":20,"column":33}},"loc":{"start":{"line":20,"column":47},"end":{"line":42,"column":1}}},"2":{"name":"generateTicketQR","decl":{"start":{"line":45,"column":22},"end":{"line":45,"column":38}},"loc":{"start":{"line":45,"column":55},"end":{"line":59,"column":1}}},"3":{"name":"parseQrData","decl":{"start":{"line":62,"column":16},"end":{"line":62,"column":27}},"loc":{"start":{"line":62,"column":42},"end":{"line":64,"column":1}}}},"branchMap":{"0":{"loc":{"start":{"line":24,"column":2},"end":{"line":26,"column":3}},"type":"if","locations":[{"start":{"line":24,"column":2},"end":{"line":26,"column":3}}]},"1":{"loc":{"start":{"line":37,"column":2},"end":{"line":39,"column":3}},"type":"if","locations":[{"start":{"line":37,"column":2},"end":{"line":39,"column":3}}]}},"s":{"0":0,"1":0,"2":0,"3":0,"4":0,"5":0,"6":0,"7":0,"8":0,"9":0,"10":0,"11":0,"12":0,"13":0,"14":0,"15":0,"16":0,"17":0,"18":0,"19":0,"20":0,"21":0,"22":0},"f":{"0":0,"1":0,"2":0,"3":0},"b":{"0":[0],"1":[0]}}
,"/home/yorunikakeru/Documents/artlab/project/server/src/utils/validation.ts": {"path":"/home/yorunikakeru/Documents/artlab/project/server/src/utils/validation.ts","statementMap":{"0":{"start":{"line":4,"column":27},"end":{"line":4,"column":29}},"1":{"start":{"line":6,"column":2},"end":{"line":10,"column":3}},"2":{"start":{"line":7,"column":4},"end":{"line":7,"column":43}},"3":{"start":{"line":8,"column":9},"end":{"line":10,"column":3}},"4":{"start":{"line":9,"column":4},"end":{"line":9,"column":39}},"5":{"start":{"line":12,"column":2},"end":{"line":14,"column":3}},"6":{"start":{"line":13,"column":4},"end":{"line":13,"column":36}},"7":{"start":{"line":16,"column":2},"end":{"line":18,"column":3}},"8":{"start":{"line":17,"column":4},"end":{"line":17,"column":41}},"9":{"start":{"line":20,"column":2},"end":{"line":22,"column":3}},"10":{"start":{"line":21,"column":4},"end":{"line":21,"column":42}},"11":{"start":{"line":24,"column":2},"end":{"line":26,"column":3}},"12":{"start":{"line":25,"column":4},"end":{"line":25,"column":42}},"13":{"start":{"line":28,"column":2},"end":{"line":31,"column":4}},"14":{"start":{"line":35,"column":2},"end":{"line":42,"column":4}}},"fnMap":{"0":{"name":"validateTicketCreation","decl":{"start":{"line":3,"column":16},"end":{"line":3,"column":38}},"loc":{"start":{"line":3,"column":48},"end":{"line":32,"column":1}}},"1":{"name":"sanitizeTicketData","decl":{"start":{"line":34,"column":16},"end":{"line":34,"column":34}},"loc":{"start":{"line":34,"column":44},"end":{"line":43,"column":1}}}},"branchMap":{"0":{"loc":{"start":{"line":6,"column":2},"end":{"line":10,"column":3}},"type":"if","locations":[{"start":{"line":6,"column":2},"end":{"line":10,"column":3}},{"start":{"line":8,"column":9},"end":{"line":10,"column":3}}]},"1":{"loc":{"start":{"line":8,"column":9},"end":{"line":10,"column":3}},"type":"if","locations":[{"start":{"line":8,"column":9},"end":{"line":10,"column":3}}]},"2":{"loc":{"start":{"line":12,"column":2},"end":{"line":14,"column":3}},"type":"if","locations":[{"start":{"line":12,"column":2},"end":{"line":14,"column":3}}]},"3":{"loc":{"start":{"line":12,"column":6},"end":{"line":12,"column":76}},"type":"binary-expr","locations":[{"start":{"line":12,"column":6},"end":{"line":12,"column":16}},{"start":{"line":12,"column":20},"end":{"line":12,"column":49}},{"start":{"line":12,"column":53},"end":{"line":12,"column":76}}]},"4":{"loc":{"start":{"line":16,"column":2},"end":{"line":18,"column":3}},"type":"if","locations":[{"start":{"line":16,"column":2},"end":{"line":18,"column":3}}]},"5":{"loc":{"start":{"line":16,"column":6},"end":{"line":16,"column":71}},"type":"binary-expr","locations":[{"start":{"line":16,"column":6},"end":{"line":16,"column":17}},{"start":{"line":16,"column":21},"end":{"line":16,"column":71}}]},"6":{"loc":{"start":{"line":20,"column":2},"end":{"line":22,"column":3}},"type":"if","locations":[{"start":{"line":20,"column":2},"end":{"line":22,"column":3}}]},"7":{"loc":{"start":{"line":20,"column":6},"end":{"line":20,"column":50}},"type":"binary-expr","locations":[{"start":{"line":20,"column":6},"end":{"line":20,"column":16}},{"start":{"line":20,"column":20},"end":{"line":20,"column":50}}]},"8":{"loc":{"start":{"line":24,"column":2},"end":{"line":26,"column":3}},"type":"if","locations":[{"start":{"line":24,"column":2},"end":{"line":26,"column":3}}]},"9":{"loc":{"start":{"line":24,"column":6},"end":{"line":24,"column":50}},"type":"binary-expr","locations":[{"start":{"line":24,"column":6},"end":{"line":24,"column":16}},{"start":{"line":24,"column":20},"end":{"line":24,"column":50}}]},"10":{"loc":{"start":{"line":38,"column":12},"end":{"line":38,"column":36}},"type":"binary-expr","locations":[{"start":{"line":38,"column":12},"end":{"line":38,"column":23}},{"start":{"line":38,"column":27},"end":{"line":38,"column":36}}]},"11":{"loc":{"start":{"line":39,"column":13},"end":{"line":39,"column":59}},"type":"cond-expr","locations":[{"start":{"line":39,"column":28},"end":{"line":39,"column":47}},{"start":{"line":39,"column":50},"end":{"line":39,"column":59}}]},"12":{"loc":{"start":{"line":40,"column":11},"end":{"line":40,"column":53}},"type":"cond-expr","locations":[{"start":{"line":40,"column":24},"end":{"line":40,"column":41}},{"start":{"line":40,"column":44},"end":{"line":40,"column":53}}]},"13":{"loc":{"start":{"line":41,"column":11},"end":{"line":41,"column":53}},"type":"cond-expr","locations":[{"start":{"line":41,"column":24},"end":{"line":41,"column":41}},{"start":{"line":41,"column":44},"end":{"line":41,"column":53}}]}},"s":{"0":7,"1":7,"2":1,"3":6,"4":1,"5":7,"6":2,"7":7,"8":1,"9":7,"10":0,"11":7,"12":0,"13":7,"14":2},"f":{"0":7,"1":2},"b":{"0":[1,6],"1":[1],"2":[2],"3":[7,6,6],"4":[1],"5":[7,2],"6":[0],"7":[7,1],"8":[0],"9":[7,1],"10":[2,1],"11":[1,1],"12":[1,1],"13":[1,1]}}
}
